0 info it worked if it ends with ok
1 verbose cli [ '/Users/javinambridge/.nvm/versions/node/v7.6.0/bin/node',
1 verbose cli   '/Users/javinambridge/.nvm/versions/node/v7.6.0/bin/npm',
1 verbose cli   'start',
1 verbose cli   'stream-hijack' ]
2 info using npm@4.1.2
3 info using node@v7.6.0
4 verbose run-script [ 'prestart', 'start', 'poststart' ]
5 info lifecycle bitcoin-buyer@0.0.0~prestart: bitcoin-buyer@0.0.0
6 silly lifecycle bitcoin-buyer@0.0.0~prestart: no script for prestart, continuing
7 info lifecycle bitcoin-buyer@0.0.0~start: bitcoin-buyer@0.0.0
8 verbose lifecycle bitcoin-buyer@0.0.0~start: unsafe-perm in lifecycle true
9 verbose lifecycle bitcoin-buyer@0.0.0~start: PATH: /Users/javinambridge/.nvm/versions/node/v7.6.0/lib/node_modules/npm/bin/node-gyp-bin:/Users/javinambridge/Documents/youtube-creator-bot/youtube-video-automator/node_modules/.bin:/Library/Frameworks/Python.framework/Versions/3.7/bin:/Users/javinambridge/.nvm/versions/node/v7.6.0/bin:/usr/local/bin:/usr/bin:/bin:/usr/sbin:/sbin:/usr/local/go/bin:/opt/X11/bin:/Applications/Postgres.app/Contents/Versions/latest/bin:/usr/local/sbin:/usr/local/hadoop-3.0.3/bin:/usr/local/spark-2.3.1/bin
10 verbose lifecycle bitcoin-buyer@0.0.0~start: CWD: /Users/javinambridge/Documents/youtube-creator-bot/youtube-video-automator
11 silly lifecycle bitcoin-buyer@0.0.0~start: Args: [ '-c', 'node ./bin/www "stream-hijack"' ]
12 silly lifecycle bitcoin-buyer@0.0.0~start: Returned: code: 1  signal: null
13 info lifecycle bitcoin-buyer@0.0.0~start: Failed to exec start script
14 verbose stack Error: bitcoin-buyer@0.0.0 start: `node ./bin/www "stream-hijack"`
14 verbose stack Exit status 1
14 verbose stack     at EventEmitter.<anonymous> (/Users/javinambridge/.nvm/versions/node/v7.6.0/lib/node_modules/npm/lib/utils/lifecycle.js:279:16)
14 verbose stack     at emitTwo (events.js:106:13)
14 verbose stack     at EventEmitter.emit (events.js:192:7)
14 verbose stack     at ChildProcess.<anonymous> (/Users/javinambridge/.nvm/versions/node/v7.6.0/lib/node_modules/npm/lib/utils/spawn.js:40:14)
14 verbose stack     at emitTwo (events.js:106:13)
14 verbose stack     at ChildProcess.emit (events.js:192:7)
14 verbose stack     at maybeClose (internal/child_process.js:890:16)
14 verbose stack     at Process.ChildProcess._handle.onexit (internal/child_process.js:226:5)
15 verbose pkgid bitcoin-buyer@0.0.0
16 verbose cwd /Users/javinambridge/Documents/youtube-creator-bot/youtube-video-automator
17 error Darwin 17.7.0
18 error argv "/Users/javinambridge/.nvm/versions/node/v7.6.0/bin/node" "/Users/javinambridge/.nvm/versions/node/v7.6.0/bin/npm" "start" "stream-hijack"
19 error node v7.6.0
20 error npm  v4.1.2
21 error code ELIFECYCLE
22 error bitcoin-buyer@0.0.0 start: `node ./bin/www "stream-hijack"`
22 error Exit status 1
23 error Failed at the bitcoin-buyer@0.0.0 start script 'node ./bin/www "stream-hijack"'.
23 error Make sure you have the latest version of node.js and npm installed.
23 error If you do, this is most likely a problem with the bitcoin-buyer package,
23 error not with npm itself.
23 error Tell the author that this fails on your system:
23 error     node ./bin/www "stream-hijack"
23 error You can get information on how to open an issue for this project with:
23 error     npm bugs bitcoin-buyer
23 error Or if that isn't available, you can get their info via:
23 error     npm owner ls bitcoin-buyer
23 error There is likely additional logging output above.
24 verbose exit [ 1, true ]
